Using pre-set license
Built from '2021.3/release' branch; Version is '2021.3.12f1 (8af3c3e441b1) revision 9106371'; Using compiler version '192829333'; Build Type 'Release'
OS: 'Windows 10  (10.0.19044) 64bit Enterprise' Language: 'en' Physical Memory: 65219 MB
BatchMode: 1, IsHumanControllingUs: 0, StartBugReporterOnCrash: 0, Is64bit: 1, IsPro: 1

COMMAND LINE ARGUMENTS:
C:\Program Files\Unity\Hub\Editor\2021.3.12f1\Editor\Unity.exe
-adb2
-batchMode
-noUpm
-name
AssetImportWorker1
-projectPath
D:/TechFestDemo/TechFestDemo
-logFile
Logs/AssetImportWorker1.log
-srvPort
59586
Successfully changed project path to: D:/TechFestDemo/TechFestDemo
D:/TechFestDemo/TechFestDemo
[UnityMemory] Configuration Parameters - Can be set up in boot.config
    "memorysetup-bucket-allocator-granularity=16"
    "memorysetup-bucket-allocator-bucket-count=8"
    "memorysetup-bucket-allocator-block-size=33554432"
    "memorysetup-bucket-allocator-block-count=8"
    "memorysetup-main-allocator-block-size=16777216"
    "memorysetup-thread-allocator-block-size=16777216"
    "memorysetup-gfx-main-allocator-block-size=16777216"
    "memorysetup-gfx-thread-allocator-block-size=16777216"
    "memorysetup-cache-allocator-block-size=4194304"
    "memorysetup-typetree-allocator-block-size=2097152"
    "memorysetup-profiler-bucket-allocator-granularity=16"
    "memorysetup-profiler-bucket-allocator-bucket-count=8"
    "memorysetup-profiler-bucket-allocator-block-size=33554432"
    "memorysetup-profiler-bucket-allocator-block-count=8"
    "memorysetup-profiler-allocator-block-size=16777216"
    "memorysetup-profiler-editor-allocator-block-size=1048576"
    "memorysetup-temp-allocator-size-main=16777216"
    "memorysetup-job-temp-allocator-block-size=2097152"
    "memorysetup-job-temp-allocator-block-size-background=1048576"
    "memorysetup-job-temp-allocator-reduction-small-platforms=262144"
    "memorysetup-temp-allocator-size-background-worker=32768"
    "memorysetup-temp-allocator-size-job-worker=262144"
    "memorysetup-temp-allocator-size-preload-manager=33554432"
    "memorysetup-temp-allocator-size-nav-mesh-worker=65536"
    "memorysetup-temp-allocator-size-audio-worker=65536"
    "memorysetup-temp-allocator-size-cloud-worker=32768"
    "memorysetup-temp-allocator-size-gi-baking-worker=262144"
    "memorysetup-temp-allocator-size-gfx=262144"
Refreshing native plugins compatible for Editor in 111.44 ms, found 3 plugins.
Preloading 0 native plugins for Editor in 0.00 ms.
Initialize engine version: 2021.3.12f1 (8af3c3e441b1)
[Subsystems] Discovering subsystems at path C:/Program Files/Unity/Hub/Editor/2021.3.12f1/Editor/Data/Resources/UnitySubsystems
[Subsystems] Discovering subsystems at path D:/TechFestDemo/TechFestDemo/Assets
GfxDevice: creating device client; threaded=0; jobified=0
Direct3D:
    Version:  Direct3D 11.0 [level 11.1]
    Renderer: NVIDIA GeForce RTX 2080 SUPER (ID=0x1e81)
    Vendor:   NVIDIA
    VRAM:     8001 MB
    Driver:   31.0.15.2698
Initialize mono
Mono path[0] = 'C:/Program Files/Unity/Hub/Editor/2021.3.12f1/Editor/Data/Managed'
Mono path[1] = 'C:/Program Files/Unity/Hub/Editor/2021.3.12f1/Editor/Data/MonoBleedingEdge/lib/mono/unityjit-win32'
Mono config path = 'C:/Program Files/Unity/Hub/Editor/2021.3.12f1/Editor/Data/MonoBleedingEdge/etc'
Using monoOptions --debugger-agent=transport=dt_socket,embedding=1,server=y,suspend=n,address=127.0.0.1:56728
Begin MonoManager ReloadAssembly
Registering precompiled unity dll's ...
Register platform support module: C:/Program Files/Unity/Hub/Editor/2021.3.12f1/Editor/Data/PlaybackEngines/WindowsStandaloneSupport/UnityEditor.WindowsStandalone.Extensions.dll
Registered in 0.008292 seconds.
Native extension for WindowsStandalone target not found
Refreshing native plugins compatible for Editor in 106.68 ms, found 3 plugins.
Preloading 0 native plugins for Editor in 0.00 ms.
Mono: successfully reloaded assembly
- Completed reload, in  0.902 seconds
Domain Reload Profiling:
	ReloadAssembly (902ms)
		BeginReloadAssembly (86ms)
			ExecutionOrderSort (0ms)
			DisableScriptedObjects (0ms)
			BackupInstance (0ms)
			ReleaseScriptingObjects (0ms)
			CreateAndSetChildDomain (1ms)
		EndReloadAssembly (649ms)
			LoadAssemblies (83ms)
			RebuildTransferFunctionScriptingTraits (0ms)
			SetupTypeCache (161ms)
			ReleaseScriptCaches (0ms)
			RebuildScriptCaches (41ms)
			SetupLoadedEditorAssemblies (361ms)
				LogAssemblyErrors (0ms)
				InitializePlatformSupportModulesInManaged (9ms)
				SetLoadedEditorAssemblies (0ms)
				RefreshPlugins (107ms)
				BeforeProcessingInitializeOnLoad (2ms)
				ProcessInitializeOnLoadAttributes (174ms)
				ProcessInitializeOnLoadMethodAttributes (69ms)
				AfterProcessingInitializeOnLoad (0ms)
				EditorAssembliesLoaded (0ms)
			ExecutionOrderSort2 (0ms)
			AwakeInstancesAfterBackupRestoration (0ms)
Platform modules already initialized, skipping
Registering precompiled user dll's ...
Registered in 0.016722 seconds.
Begin MonoManager ReloadAssembly
Symbol file LoadedFromMemory doesn't match image D:\TechFestDemo\TechFestDemo\Library\PackageCache\com.unity.visualscripting@1.7.8\Editor\VisualScripting.Core\Dependencies\YamlDotNet\Unity.VisualScripting.YamlDotNet.dll
Symbol file LoadedFromMemory doesn't match image D:\TechFestDemo\TechFestDemo\Library\PackageCache\com.unity.visualscripting@1.7.8\Editor\VisualScripting.Core\Dependencies\DotNetZip\Unity.VisualScripting.IonicZip.dll
Native extension for WindowsStandalone target not found
Refreshing native plugins compatible for Editor in 0.81 ms, found 3 plugins.
Preloading 0 native plugins for Editor in 0.00 ms.
Mono: successfully reloaded assembly
- Completed reload, in  1.427 seconds
Domain Reload Profiling:
	ReloadAssembly (1429ms)
		BeginReloadAssembly (172ms)
			ExecutionOrderSort (0ms)
			DisableScriptedObjects (17ms)
			BackupInstance (0ms)
			ReleaseScriptingObjects (0ms)
			CreateAndSetChildDomain (26ms)
		EndReloadAssembly (1118ms)
			LoadAssemblies (110ms)
			RebuildTransferFunctionScriptingTraits (0ms)
			SetupTypeCache (359ms)
			ReleaseScriptCaches (1ms)
			RebuildScriptCaches (54ms)
			SetupLoadedEditorAssemblies (535ms)
				LogAssemblyErrors (0ms)
				InitializePlatformSupportModulesInManaged (10ms)
				SetLoadedEditorAssemblies (1ms)
				RefreshPlugins (1ms)
				BeforeProcessingInitializeOnLoad (172ms)
				ProcessInitializeOnLoadAttributes (296ms)
				ProcessInitializeOnLoadMethodAttributes (38ms)
				AfterProcessingInitializeOnLoad (18ms)
				EditorAssembliesLoaded (0ms)
			ExecutionOrderSort2 (0ms)
			AwakeInstancesAfterBackupRestoration (5ms)
Platform modules already initialized, skipping
========================================================================
Worker process is ready to serve import requests
Launched and connected shader compiler UnityShaderCompiler.exe after 0.10 seconds
Refreshing native plugins compatible for Editor in 1.26 ms, found 3 plugins.
Preloading 0 native plugins for Editor in 0.00 ms.
Unloading 3507 Unused Serialized files (Serialized files now loaded: 0)
Unloading 31 unused Assets / (113.5 KB). Loaded Objects now: 3968.
Memory consumption went from 120.1 MB to 120.0 MB.
Total: 4.473400 ms (FindLiveObjects: 0.580800 ms CreateObjectMapping: 0.565900 ms MarkObjects: 3.222400 ms  DeleteObjects: 0.102000 ms)

AssetImportParameters requested are different than current active one (requested -> active):
  custom:video-decoder-ogg-theora: a1e56fd34408186e4bbccfd4996cb3dc -> 
  custom:container-muxer-webm: aa71ff27fc2769a1b78a27578f13a17b -> 
  custom:container-demuxer-webm: 4f35f7cbe854078d1ac9338744f61a02 -> 
  custom:video-encoder-webm-vp8: eb34c28f22e8b96e1ab97ce403110664 -> 
  custom:audio-encoder-webm-vorbis: bf7c407c2cedff20999df2af8eb42d56 -> 
  custom:framework-win-MediaFoundation: 216162199b28c13a410421893ffa2e32 -> 
  custom:container-demuxer-ogg: 62fdf1f143b41e24485cea50d1cbac27 -> 
  custom:video-decoder-webm-vp8: 9c59270c3fd7afecdb556c50c9e8de78 -> 
  custom:audio-decoder-ogg-vorbis: bf7c407c2cedff20999df2af8eb42d56 -> 
========================================================================
Received Import Request.
  Time since last request: 83405.462946 seconds.
  path: Assets/Let's Try Shooter/Scenes/ShootingWithRaycasts/LightingData.asset
  artifactKey: Guid(0670633ed54652344a399baf7ca0b589) Importer(815301076,1909f56bfc062723c751e8b465ee728b)
Start importing Assets/Let's Try Shooter/Scenes/ShootingWithRaycasts/LightingData.asset using Guid(0670633ed54652344a399baf7ca0b589) Importer(815301076,1909f56bfc062723c751e8b465ee728b)  -> (artifact id: 'cf4c19a97a14cf4821c2993cadbca8d5') in 0.068761 seconds 
========================================================================
Received Prepare
Registering precompiled user dll's ...
Registered in 0.016063 seconds.
Begin MonoManager ReloadAssembly
Symbol file LoadedFromMemory doesn't match image D:\TechFestDemo\TechFestDemo\Library\PackageCache\com.unity.visualscripting@1.7.8\Editor\VisualScripting.Core\Dependencies\YamlDotNet\Unity.VisualScripting.YamlDotNet.dll
Symbol file LoadedFromMemory doesn't match image D:\TechFestDemo\TechFestDemo\Library\PackageCache\com.unity.visualscripting@1.7.8\Editor\VisualScripting.Core\Dependencies\DotNetZip\Unity.VisualScripting.IonicZip.dll
Native extension for WindowsStandalone target not found
Refreshing native plugins compatible for Editor in 0.68 ms, found 3 plugins.
Preloading 0 native plugins for Editor in 0.00 ms.
Mono: successfully reloaded assembly
- Completed reload, in  1.253 seconds
Domain Reload Profiling:
	ReloadAssembly (1254ms)
		BeginReloadAssembly (198ms)
			ExecutionOrderSort (0ms)
			DisableScriptedObjects (6ms)
			BackupInstance (0ms)
			ReleaseScriptingObjects (0ms)
			CreateAndSetChildDomain (62ms)
		EndReloadAssembly (873ms)
			LoadAssemblies (115ms)
			RebuildTransferFunctionScriptingTraits (0ms)
			SetupTypeCache (296ms)
			ReleaseScriptCaches (2ms)
			RebuildScriptCaches (45ms)
			SetupLoadedEditorAssemblies (383ms)
				LogAssemblyErrors (0ms)
				InitializePlatformSupportModulesInManaged (16ms)
				SetLoadedEditorAssemblies (0ms)
				RefreshPlugins (1ms)
				BeforeProcessingInitializeOnLoad (85ms)
				ProcessInitializeOnLoadAttributes (227ms)
				ProcessInitializeOnLoadMethodAttributes (39ms)
				AfterProcessingInitializeOnLoad (15ms)
				EditorAssembliesLoaded (0ms)
			ExecutionOrderSort2 (0ms)
			AwakeInstancesAfterBackupRestoration (6ms)
Platform modules already initialized, skipping
Refreshing native plugins compatible for Editor in 1.80 ms, found 3 plugins.
Preloading 0 native plugins for Editor in 0.00 ms.
Unloading 3502 Unused Serialized files (Serialized files now loaded: 0)
Unloading 20 unused Assets / (79.8 KB). Loaded Objects now: 3972.
Memory consumption went from 120.0 MB to 120.0 MB.
Total: 3.899700 ms (FindLiveObjects: 0.373700 ms CreateObjectMapping: 0.391600 ms MarkObjects: 3.045100 ms  DeleteObjects: 0.088100 ms)

AssetImportParameters requested are different than current active one (requested -> active):
  custom:video-decoder-ogg-theora: a1e56fd34408186e4bbccfd4996cb3dc -> 
  custom:container-muxer-webm: aa71ff27fc2769a1b78a27578f13a17b -> 
  custom:container-demuxer-webm: 4f35f7cbe854078d1ac9338744f61a02 -> 
  custom:video-encoder-webm-vp8: eb34c28f22e8b96e1ab97ce403110664 -> 
  custom:audio-encoder-webm-vorbis: bf7c407c2cedff20999df2af8eb42d56 -> 
  custom:framework-win-MediaFoundation: 216162199b28c13a410421893ffa2e32 -> 
  custom:container-demuxer-ogg: 62fdf1f143b41e24485cea50d1cbac27 -> 
  custom:video-decoder-webm-vp8: 9c59270c3fd7afecdb556c50c9e8de78 -> 
  custom:audio-decoder-ogg-vorbis: bf7c407c2cedff20999df2af8eb42d56 -> 
========================================================================
Received Prepare
Registering precompiled user dll's ...
Registered in 0.007345 seconds.
Begin MonoManager ReloadAssembly
Symbol file LoadedFromMemory doesn't match image D:\TechFestDemo\TechFestDemo\Library\PackageCache\com.unity.visualscripting@1.7.8\Editor\VisualScripting.Core\Dependencies\YamlDotNet\Unity.VisualScripting.YamlDotNet.dll
Symbol file LoadedFromMemory doesn't match image D:\TechFestDemo\TechFestDemo\Library\PackageCache\com.unity.visualscripting@1.7.8\Editor\VisualScripting.Core\Dependencies\DotNetZip\Unity.VisualScripting.IonicZip.dll
Native extension for WindowsStandalone target not found
Refreshing native plugins compatible for Editor in 1.00 ms, found 3 plugins.
Preloading 0 native plugins for Editor in 0.00 ms.
Mono: successfully reloaded assembly
- Completed reload, in  1.382 seconds
Domain Reload Profiling:
	ReloadAssembly (1383ms)
		BeginReloadAssembly (158ms)
			ExecutionOrderSort (0ms)
			DisableScriptedObjects (6ms)
			BackupInstance (0ms)
			ReleaseScriptingObjects (0ms)
			CreateAndSetChildDomain (48ms)
		EndReloadAssembly (1102ms)
			LoadAssemblies (94ms)
			RebuildTransferFunctionScriptingTraits (0ms)
			SetupTypeCache (433ms)
			ReleaseScriptCaches (3ms)
			RebuildScriptCaches (64ms)
			SetupLoadedEditorAssemblies (442ms)
				LogAssemblyErrors (0ms)
				InitializePlatformSupportModulesInManaged (14ms)
				SetLoadedEditorAssemblies (1ms)
				RefreshPlugins (1ms)
				BeforeProcessingInitializeOnLoad (129ms)
				ProcessInitializeOnLoadAttributes (245ms)
				ProcessInitializeOnLoadMethodAttributes (37ms)
				AfterProcessingInitializeOnLoad (13ms)
				EditorAssembliesLoaded (0ms)
			ExecutionOrderSort2 (0ms)
			AwakeInstancesAfterBackupRestoration (6ms)
Platform modules already initialized, skipping
Refreshing native plugins compatible for Editor in 1.65 ms, found 3 plugins.
Preloading 0 native plugins for Editor in 0.00 ms.
Unloading 3499 Unused Serialized files (Serialized files now loaded: 0)
Unloading 23 unused Assets / (79.9 KB). Loaded Objects now: 3972.
Memory consumption went from 120.0 MB to 119.9 MB.
Total: 3.362700 ms (FindLiveObjects: 0.428700 ms CreateObjectMapping: 0.231700 ms MarkObjects: 2.600400 ms  DeleteObjects: 0.100400 ms)

AssetImportParameters requested are different than current active one (requested -> active):
  custom:video-decoder-ogg-theora: a1e56fd34408186e4bbccfd4996cb3dc -> 
  custom:container-muxer-webm: aa71ff27fc2769a1b78a27578f13a17b -> 
  custom:container-demuxer-webm: 4f35f7cbe854078d1ac9338744f61a02 -> 
  custom:video-encoder-webm-vp8: eb34c28f22e8b96e1ab97ce403110664 -> 
  custom:audio-encoder-webm-vorbis: bf7c407c2cedff20999df2af8eb42d56 -> 
  custom:framework-win-MediaFoundation: 216162199b28c13a410421893ffa2e32 -> 
  custom:container-demuxer-ogg: 62fdf1f143b41e24485cea50d1cbac27 -> 
  custom:video-decoder-webm-vp8: 9c59270c3fd7afecdb556c50c9e8de78 -> 
  custom:audio-decoder-ogg-vorbis: bf7c407c2cedff20999df2af8eb42d56 -> 
========================================================================
Received Import Request.
  Time since last request: 144.362162 seconds.
  path: Assets/Shared Assets/Models/Arena/ArenaWalls.fbx
  artifactKey: Guid(5954a32a942f53f44b50889c3165847d) Importer(815301076,1909f56bfc062723c751e8b465ee728b)
Start importing Assets/Shared Assets/Models/Arena/ArenaWalls.fbx using Guid(5954a32a942f53f44b50889c3165847d) Importer(815301076,1909f56bfc062723c751e8b465ee728b)  -> (artifact id: 'e48b88b97c026cdd7c0b4f4962232c76') in 0.673916 seconds 
========================================================================
Received Import Request.
  Time since last request: 1.448799 seconds.
  path: Assets/Shared Assets/Models/Maze/MazeCourse.fbx
  artifactKey: Guid(fa4c7e46d43e2d74aa8f5491fd31e336) Importer(815301076,1909f56bfc062723c751e8b465ee728b)
Start importing Assets/Shared Assets/Models/Maze/MazeCourse.fbx using Guid(fa4c7e46d43e2d74aa8f5491fd31e336) Importer(815301076,1909f56bfc062723c751e8b465ee728b)  -> (artifact id: '3271c596fc9bb45865e0d3124e6868af') in 0.041870 seconds 
========================================================================
Received Import Request.
  Time since last request: 0.000028 seconds.
  path: Assets/Shared Assets/Models/Maze/MazePowerConsole.fbx
  artifactKey: Guid(6575cd1ae0b931243bd1069884c6d1ff) Importer(815301076,1909f56bfc062723c751e8b465ee728b)
Start importing Assets/Shared Assets/Models/Maze/MazePowerConsole.fbx using Guid(6575cd1ae0b931243bd1069884c6d1ff) Importer(815301076,1909f56bfc062723c751e8b465ee728b)  -> (artifact id: '691549d0fabe4d2f2517e68f23e68ed5') in 0.105946 seconds 
========================================================================
Received Import Request.
  Time since last request: 0.000020 seconds.
  path: Assets/Shared Assets/Models/Maze/MazeParticleConfetti.fbx
  artifactKey: Guid(41b886a5643e2aa4287d8b3ef7fca294) Importer(815301076,1909f56bfc062723c751e8b465ee728b)
Start importing Assets/Shared Assets/Models/Maze/MazeParticleConfetti.fbx using Guid(41b886a5643e2aa4287d8b3ef7fca294) Importer(815301076,1909f56bfc062723c751e8b465ee728b)  -> (artifact id: 'af589ce3b77802ac152f80127b61a848') in 0.032756 seconds 
========================================================================
Received Import Request.
  Time since last request: 0.000029 seconds.
  path: Assets/Shared Assets/Models/Maze/MazeUnityLogo.fbx
  artifactKey: Guid(0dbc550f6a8cc3e45b74f743d6d44c19) Importer(815301076,1909f56bfc062723c751e8b465ee728b)
Start importing Assets/Shared Assets/Models/Maze/MazeUnityLogo.fbx using Guid(0dbc550f6a8cc3e45b74f743d6d44c19) Importer(815301076,1909f56bfc062723c751e8b465ee728b)  -> (artifact id: 'e799775a36accd079839725c781bfb7d') in 0.222472 seconds 
========================================================================
Received Import Request.
  Time since last request: 0.074515 seconds.
  path: Assets/Shared Assets/Models/Shooter/Shooter180BgCollision.fbx
  artifactKey: Guid(d3209ff5eb985764598d71018664cbec) Importer(815301076,1909f56bfc062723c751e8b465ee728b)
Start importing Assets/Shared Assets/Models/Shooter/Shooter180BgCollision.fbx using Guid(d3209ff5eb985764598d71018664cbec) Importer(815301076,1909f56bfc062723c751e8b465ee728b)  -> (artifact id: '63d52f959e01dc031d5ba089c28f4170') in 0.010764 seconds 
========================================================================
Received Import Request.
  Time since last request: 0.000023 seconds.
  path: Assets/Shared Assets/Models/Shooter/ShooterFPSWeaponFlare01.fbx
  artifactKey: Guid(d6ea95de93448c7408900ef2fb236577) Importer(815301076,1909f56bfc062723c751e8b465ee728b)
Start importing Assets/Shared Assets/Models/Shooter/ShooterFPSWeaponFlare01.fbx using Guid(d6ea95de93448c7408900ef2fb236577) Importer(815301076,1909f56bfc062723c751e8b465ee728b)  -> (artifact id: '0da33e53a43f0e198b7947a733e44b93') in 0.010563 seconds 
========================================================================
Received Import Request.
  Time since last request: 0.000020 seconds.
  path: Assets/Shared Assets/Models/Shooter/ShooterTarget.fbx
  artifactKey: Guid(656c621f6beda504aaf6c795575507d0) Importer(815301076,1909f56bfc062723c751e8b465ee728b)
Start importing Assets/Shared Assets/Models/Shooter/ShooterTarget.fbx using Guid(656c621f6beda504aaf6c795575507d0) Importer(815301076,1909f56bfc062723c751e8b465ee728b)  -> (artifact id: 'c972ae1e96d6f2b0d7607e42769da631') in 0.011716 seconds 
========================================================================
Received Import Request.
  Time since last request: 0.000022 seconds.
  path: Assets/Shared Assets/Models/Shooter/ShooterTargetShatter.fbx
  artifactKey: Guid(240b02171c2a51c4d9934a23add1e68d) Importer(815301076,1909f56bfc062723c751e8b465ee728b)
Start importing Assets/Shared Assets/Models/Shooter/ShooterTargetShatter.fbx using Guid(240b02171c2a51c4d9934a23add1e68d) Importer(815301076,1909f56bfc062723c751e8b465ee728b)  -> (artifact id: 'a5a131bc62dc020639a76275a44018e0') in 0.131202 seconds 
========================================================================
Received Import Request.
  Time since last request: 46.394467 seconds.
  path: Assets/Shared Assets/Prefabs/Walls/Wall01-00m.prefab
  artifactKey: Guid(fd9caf0d37c58854cbcf89aa6fd2d455) Importer(815301076,1909f56bfc062723c751e8b465ee728b)
Start importing Assets/Shared Assets/Prefabs/Walls/Wall01-00m.prefab using Guid(fd9caf0d37c58854cbcf89aa6fd2d455) Importer(815301076,1909f56bfc062723c751e8b465ee728b)  -> (artifact id: '84232acd3c70f2eee164f97024e1b1de') in 0.018623 seconds 
========================================================================
Received Import Request.
  Time since last request: 0.000031 seconds.
  path: Assets/Shared Assets/Prefabs/Walls/Wall06-00m.prefab
  artifactKey: Guid(738b423382cd5144ea6a7dba9c75cdfc) Importer(815301076,1909f56bfc062723c751e8b465ee728b)
Start importing Assets/Shared Assets/Prefabs/Walls/Wall06-00m.prefab using Guid(738b423382cd5144ea6a7dba9c75cdfc) Importer(815301076,1909f56bfc062723c751e8b465ee728b)  -> (artifact id: 'aaecaf0cebb2314564d4caba0b395675') in 0.026024 seconds 
========================================================================
Received Import Request.
  Time since last request: 23.834869 seconds.
  path: Assets/Shared Assets/Models/Walls/Wall01-00m.fbx
  artifactKey: Guid(b5319862750ec1241acf3bcd3ae18201) Importer(815301076,1909f56bfc062723c751e8b465ee728b)
Start importing Assets/Shared Assets/Models/Walls/Wall01-00m.fbx using Guid(b5319862750ec1241acf3bcd3ae18201) Importer(815301076,1909f56bfc062723c751e8b465ee728b)  -> (artifact id: '4c231cd585e63702767f686390f8de5f') in 0.019684 seconds 
========================================================================
Received Import Request.
  Time since last request: 0.000028 seconds.
  path: Assets/Shared Assets/Models/Walls/Wall06-00m.fbx
  artifactKey: Guid(f25cf1b1328d3d24fa5198e03013efeb) Importer(815301076,1909f56bfc062723c751e8b465ee728b)
Start importing Assets/Shared Assets/Models/Walls/Wall06-00m.fbx using Guid(f25cf1b1328d3d24fa5198e03013efeb) Importer(815301076,1909f56bfc062723c751e8b465ee728b)  -> (artifact id: '9a5e0577d19150d875a7ab4c79dfab44') in 0.054048 seconds 
========================================================================
Received Import Request.
  Time since last request: 0.000024 seconds.
  path: Assets/Shared Assets/Models/Walls/Wall04-00m.fbx
  artifactKey: Guid(b303e94c86ffeac4c8e2b6b94537ccf4) Importer(815301076,1909f56bfc062723c751e8b465ee728b)
Start importing Assets/Shared Assets/Models/Walls/Wall04-00m.fbx using Guid(b303e94c86ffeac4c8e2b6b94537ccf4) Importer(815301076,1909f56bfc062723c751e8b465ee728b)  -> (artifact id: 'c83894e080f9693f84fafe5813241142') in 0.023136 seconds 
========================================================================
Received Prepare
Registering precompiled user dll's ...
Registered in 0.004949 seconds.
Begin MonoManager ReloadAssembly
Symbol file LoadedFromMemory doesn't match image D:\TechFestDemo\TechFestDemo\Library\PackageCache\com.unity.visualscripting@1.7.8\Editor\VisualScripting.Core\Dependencies\YamlDotNet\Unity.VisualScripting.YamlDotNet.dll
Symbol file LoadedFromMemory doesn't match image D:\TechFestDemo\TechFestDemo\Library\PackageCache\com.unity.visualscripting@1.7.8\Editor\VisualScripting.Core\Dependencies\DotNetZip\Unity.VisualScripting.IonicZip.dll
Native extension for WindowsStandalone target not found
Refreshing native plugins compatible for Editor in 0.64 ms, found 3 plugins.
Preloading 0 native plugins for Editor in 0.00 ms.
Mono: successfully reloaded assembly
- Completed reload, in  1.105 seconds
Domain Reload Profiling:
	ReloadAssembly (1106ms)
		BeginReloadAssembly (155ms)
			ExecutionOrderSort (0ms)
			DisableScriptedObjects (6ms)
			BackupInstance (0ms)
			ReleaseScriptingObjects (0ms)
			CreateAndSetChildDomain (40ms)
		EndReloadAssembly (826ms)
			LoadAssemblies (106ms)
			RebuildTransferFunctionScriptingTraits (0ms)
			SetupTypeCache (298ms)
			ReleaseScriptCaches (2ms)
			RebuildScriptCaches (42ms)
			SetupLoadedEditorAssemblies (355ms)
				LogAssemblyErrors (0ms)
				InitializePlatformSupportModulesInManaged (16ms)
				SetLoadedEditorAssemblies (1ms)
				RefreshPlugins (1ms)
				BeforeProcessingInitializeOnLoad (75ms)
				ProcessInitializeOnLoadAttributes (214ms)
				ProcessInitializeOnLoadMethodAttributes (35ms)
				AfterProcessingInitializeOnLoad (14ms)
				EditorAssembliesLoaded (0ms)
			ExecutionOrderSort2 (0ms)
			AwakeInstancesAfterBackupRestoration (8ms)
Platform modules already initialized, skipping
Refreshing native plugins compatible for Editor in 1.70 ms, found 3 plugins.
Preloading 0 native plugins for Editor in 0.00 ms.
Unloading 3461 Unused Serialized files (Serialized files now loaded: 0)
Unloading 57 unused Assets / (79.9 KB). Loaded Objects now: 3950.
Memory consumption went from 124.3 MB to 124.2 MB.
Total: 7.381300 ms (FindLiveObjects: 0.531000 ms CreateObjectMapping: 0.331500 ms MarkObjects: 6.315800 ms  DeleteObjects: 0.201200 ms)

AssetImportParameters requested are different than current active one (requested -> active):
  custom:video-decoder-ogg-theora: a1e56fd34408186e4bbccfd4996cb3dc -> 
  custom:container-muxer-webm: aa71ff27fc2769a1b78a27578f13a17b -> 
  custom:container-demuxer-webm: 4f35f7cbe854078d1ac9338744f61a02 -> 
  custom:video-encoder-webm-vp8: eb34c28f22e8b96e1ab97ce403110664 -> 
  custom:audio-encoder-webm-vorbis: bf7c407c2cedff20999df2af8eb42d56 -> 
  custom:framework-win-MediaFoundation: 216162199b28c13a410421893ffa2e32 -> 
  custom:container-demuxer-ogg: 62fdf1f143b41e24485cea50d1cbac27 -> 
  custom:video-decoder-webm-vp8: 9c59270c3fd7afecdb556c50c9e8de78 -> 
  custom:audio-decoder-ogg-vorbis: bf7c407c2cedff20999df2af8eb42d56 -> 
Editor requested this worker to shutdown with reason: Scaling down because of idle timeout
AssetImportWorker is now disconnected from the server
Process exiting
Exiting without the bug reporter. Application will terminate with return code 0