Using pre-set license
Built from '2021.3/release' branch; Version is '2021.3.12f1 (8af3c3e441b1) revision 9106371'; Using compiler version '192829333'; Build Type 'Release'
OS: 'Windows 10  (10.0.19044) 64bit Enterprise' Language: 'en' Physical Memory: 65219 MB
BatchMode: 1, IsHumanControllingUs: 0, StartBugReporterOnCrash: 0, Is64bit: 1, IsPro: 1

COMMAND LINE ARGUMENTS:
C:\Program Files\Unity\Hub\Editor\2021.3.12f1\Editor\Unity.exe
-adb2
-batchMode
-noUpm
-name
AssetImportWorker2
-projectPath
D:/TechFestDemo/TechFestDemo
-logFile
Logs/AssetImportWorker2.log
-srvPort
59586
Successfully changed project path to: D:/TechFestDemo/TechFestDemo
D:/TechFestDemo/TechFestDemo
[UnityMemory] Configuration Parameters - Can be set up in boot.config
    "memorysetup-bucket-allocator-granularity=16"
    "memorysetup-bucket-allocator-bucket-count=8"
    "memorysetup-bucket-allocator-block-size=33554432"
    "memorysetup-bucket-allocator-block-count=8"
    "memorysetup-main-allocator-block-size=16777216"
    "memorysetup-thread-allocator-block-size=16777216"
    "memorysetup-gfx-main-allocator-block-size=16777216"
    "memorysetup-gfx-thread-allocator-block-size=16777216"
    "memorysetup-cache-allocator-block-size=4194304"
    "memorysetup-typetree-allocator-block-size=2097152"
    "memorysetup-profiler-bucket-allocator-granularity=16"
    "memorysetup-profiler-bucket-allocator-bucket-count=8"
    "memorysetup-profiler-bucket-allocator-block-size=33554432"
    "memorysetup-profiler-bucket-allocator-block-count=8"
    "memorysetup-profiler-allocator-block-size=16777216"
    "memorysetup-profiler-editor-allocator-block-size=1048576"
    "memorysetup-temp-allocator-size-main=16777216"
    "memorysetup-job-temp-allocator-block-size=2097152"
    "memorysetup-job-temp-allocator-block-size-background=1048576"
    "memorysetup-job-temp-allocator-reduction-small-platforms=262144"
    "memorysetup-temp-allocator-size-background-worker=32768"
    "memorysetup-temp-allocator-size-job-worker=262144"
    "memorysetup-temp-allocator-size-preload-manager=33554432"
    "memorysetup-temp-allocator-size-nav-mesh-worker=65536"
    "memorysetup-temp-allocator-size-audio-worker=65536"
    "memorysetup-temp-allocator-size-cloud-worker=32768"
    "memorysetup-temp-allocator-size-gi-baking-worker=262144"
    "memorysetup-temp-allocator-size-gfx=262144"
Refreshing native plugins compatible for Editor in 89.56 ms, found 3 plugins.
Preloading 0 native plugins for Editor in 0.00 ms.
Initialize engine version: 2021.3.12f1 (8af3c3e441b1)
[Subsystems] Discovering subsystems at path C:/Program Files/Unity/Hub/Editor/2021.3.12f1/Editor/Data/Resources/UnitySubsystems
[Subsystems] Discovering subsystems at path D:/TechFestDemo/TechFestDemo/Assets
GfxDevice: creating device client; threaded=0; jobified=0
Direct3D:
    Version:  Direct3D 11.0 [level 11.1]
    Renderer: NVIDIA GeForce RTX 2080 SUPER (ID=0x1e81)
    Vendor:   NVIDIA
    VRAM:     8001 MB
    Driver:   31.0.15.2698
Initialize mono
Mono path[0] = 'C:/Program Files/Unity/Hub/Editor/2021.3.12f1/Editor/Data/Managed'
Mono path[1] = 'C:/Program Files/Unity/Hub/Editor/2021.3.12f1/Editor/Data/MonoBleedingEdge/lib/mono/unityjit-win32'
Mono config path = 'C:/Program Files/Unity/Hub/Editor/2021.3.12f1/Editor/Data/MonoBleedingEdge/etc'
Using monoOptions --debugger-agent=transport=dt_socket,embedding=1,server=y,suspend=n,address=127.0.0.1:56004
Begin MonoManager ReloadAssembly
Registering precompiled unity dll's ...
Register platform support module: C:/Program Files/Unity/Hub/Editor/2021.3.12f1/Editor/Data/PlaybackEngines/WindowsStandaloneSupport/UnityEditor.WindowsStandalone.Extensions.dll
Registered in 0.012251 seconds.
Native extension for WindowsStandalone target not found
Refreshing native plugins compatible for Editor in 113.25 ms, found 3 plugins.
Preloading 0 native plugins for Editor in 0.00 ms.
Mono: successfully reloaded assembly
- Completed reload, in  1.111 seconds
Domain Reload Profiling:
	ReloadAssembly (1112ms)
		BeginReloadAssembly (94ms)
			ExecutionOrderSort (0ms)
			DisableScriptedObjects (0ms)
			BackupInstance (0ms)
			ReleaseScriptingObjects (0ms)
			CreateAndSetChildDomain (1ms)
		EndReloadAssembly (837ms)
			LoadAssemblies (89ms)
			RebuildTransferFunctionScriptingTraits (0ms)
			SetupTypeCache (244ms)
			ReleaseScriptCaches (0ms)
			RebuildScriptCaches (55ms)
			SetupLoadedEditorAssemblies (458ms)
				LogAssemblyErrors (0ms)
				InitializePlatformSupportModulesInManaged (25ms)
				SetLoadedEditorAssemblies (1ms)
				RefreshPlugins (113ms)
				BeforeProcessingInitializeOnLoad (1ms)
				ProcessInitializeOnLoadAttributes (268ms)
				ProcessInitializeOnLoadMethodAttributes (49ms)
				AfterProcessingInitializeOnLoad (0ms)
				EditorAssembliesLoaded (0ms)
			ExecutionOrderSort2 (0ms)
			AwakeInstancesAfterBackupRestoration (0ms)
Platform modules already initialized, skipping
Registering precompiled user dll's ...
Registered in 0.015292 seconds.
Begin MonoManager ReloadAssembly
Symbol file LoadedFromMemory doesn't match image D:\TechFestDemo\TechFestDemo\Library\PackageCache\com.unity.visualscripting@1.7.8\Editor\VisualScripting.Core\Dependencies\YamlDotNet\Unity.VisualScripting.YamlDotNet.dll
Symbol file LoadedFromMemory doesn't match image D:\TechFestDemo\TechFestDemo\Library\PackageCache\com.unity.visualscripting@1.7.8\Editor\VisualScripting.Core\Dependencies\DotNetZip\Unity.VisualScripting.IonicZip.dll
Native extension for WindowsStandalone target not found
Refreshing native plugins compatible for Editor in 0.65 ms, found 3 plugins.
Preloading 0 native plugins for Editor in 0.00 ms.
Mono: successfully reloaded assembly
- Completed reload, in  1.998 seconds
Domain Reload Profiling:
	ReloadAssembly (1999ms)
		BeginReloadAssembly (225ms)
			ExecutionOrderSort (0ms)
			DisableScriptedObjects (10ms)
			BackupInstance (0ms)
			ReleaseScriptingObjects (0ms)
			CreateAndSetChildDomain (45ms)
		EndReloadAssembly (1559ms)
			LoadAssemblies (139ms)
			RebuildTransferFunctionScriptingTraits (0ms)
			SetupTypeCache (409ms)
			ReleaseScriptCaches (1ms)
			RebuildScriptCaches (139ms)
			SetupLoadedEditorAssemblies (802ms)
				LogAssemblyErrors (0ms)
				InitializePlatformSupportModulesInManaged (6ms)
				SetLoadedEditorAssemblies (0ms)
				RefreshPlugins (1ms)
				BeforeProcessingInitializeOnLoad (221ms)
				ProcessInitializeOnLoadAttributes (519ms)
				ProcessInitializeOnLoadMethodAttributes (42ms)
				AfterProcessingInitializeOnLoad (12ms)
				EditorAssembliesLoaded (0ms)
			ExecutionOrderSort2 (0ms)
			AwakeInstancesAfterBackupRestoration (6ms)
Platform modules already initialized, skipping
========================================================================
Worker process is ready to serve import requests
Launched and connected shader compiler UnityShaderCompiler.exe after 0.16 seconds
Refreshing native plugins compatible for Editor in 0.70 ms, found 3 plugins.
Preloading 0 native plugins for Editor in 0.00 ms.
Unloading 3504 Unused Serialized files (Serialized files now loaded: 0)
Unloading 31 unused Assets / (113.6 KB). Loaded Objects now: 3967.
Memory consumption went from 120.5 MB to 120.4 MB.
Total: 3.252100 ms (FindLiveObjects: 0.367300 ms CreateObjectMapping: 0.158000 ms MarkObjects: 2.596900 ms  DeleteObjects: 0.128600 ms)

AssetImportParameters requested are different than current active one (requested -> active):
  custom:video-decoder-ogg-theora: a1e56fd34408186e4bbccfd4996cb3dc -> 
  custom:container-muxer-webm: aa71ff27fc2769a1b78a27578f13a17b -> 
  custom:container-demuxer-webm: 4f35f7cbe854078d1ac9338744f61a02 -> 
  custom:video-encoder-webm-vp8: eb34c28f22e8b96e1ab97ce403110664 -> 
  custom:audio-encoder-webm-vorbis: bf7c407c2cedff20999df2af8eb42d56 -> 
  custom:framework-win-MediaFoundation: 216162199b28c13a410421893ffa2e32 -> 
  custom:container-demuxer-ogg: 62fdf1f143b41e24485cea50d1cbac27 -> 
  custom:video-decoder-webm-vp8: 9c59270c3fd7afecdb556c50c9e8de78 -> 
  custom:audio-decoder-ogg-vorbis: bf7c407c2cedff20999df2af8eb42d56 -> 
========================================================================
Received Import Request.
  Time since last request: 83593.238689 seconds.
  path: Assets/Shared Assets/Prefabs/Arena
  artifactKey: Guid(9b6ba32a23dce9a4a8da40e67bd2bc78) Importer(815301076,1909f56bfc062723c751e8b465ee728b)
Start importing Assets/Shared Assets/Prefabs/Arena using Guid(9b6ba32a23dce9a4a8da40e67bd2bc78) Importer(815301076,1909f56bfc062723c751e8b465ee728b)  -> (artifact id: '905a588e2bb5865cea944d351ba305d3') in 0.010187 seconds 
========================================================================
Received Import Request.
  Time since last request: 1.762960 seconds.
  path: Assets/Shared Assets/Prefabs/Arena/ArenaFloor.prefab
  artifactKey: Guid(01479a6614e47e24f80228294406b11c) Importer(815301076,1909f56bfc062723c751e8b465ee728b)
Start importing Assets/Shared Assets/Prefabs/Arena/ArenaFloor.prefab using Guid(01479a6614e47e24f80228294406b11c) Importer(815301076,1909f56bfc062723c751e8b465ee728b)  -> (artifact id: '5662d2652acfc07223f9c384c67dc724') in 0.151091 seconds 
========================================================================
Received Import Request.
  Time since last request: 1.555808 seconds.
  path: Assets/Shared Assets/Prefabs/Camera/MainCamera.prefab
  artifactKey: Guid(0f1d1e6526b1b2046a03a9aff5584a57) Importer(815301076,1909f56bfc062723c751e8b465ee728b)
Start importing Assets/Shared Assets/Prefabs/Camera/MainCamera.prefab using Guid(0f1d1e6526b1b2046a03a9aff5584a57) Importer(815301076,1909f56bfc062723c751e8b465ee728b)  -> (artifact id: '6f04812e6ff9d609ca986a3e903a709c') in 0.004493 seconds 
========================================================================
Received Import Request.
  Time since last request: 1.851411 seconds.
  path: Assets/Shared Assets/Prefabs/Maze/MazeCourse.prefab
  artifactKey: Guid(00f058f435e41484a9760cf519fe6023) Importer(815301076,1909f56bfc062723c751e8b465ee728b)
Start importing Assets/Shared Assets/Prefabs/Maze/MazeCourse.prefab using Guid(00f058f435e41484a9760cf519fe6023) Importer(815301076,1909f56bfc062723c751e8b465ee728b)  -> (artifact id: '5de4ce7bff6f7ce5f575b73eacc80790') in 0.012690 seconds 
========================================================================
Received Import Request.
  Time since last request: 0.485972 seconds.
  path: Assets/Shared Assets/Prefabs/Walls/Wall00-25m.prefab
  artifactKey: Guid(17ba3f54bd89e5d46844f0e4b2c13930) Importer(815301076,1909f56bfc062723c751e8b465ee728b)
Start importing Assets/Shared Assets/Prefabs/Walls/Wall00-25m.prefab using Guid(17ba3f54bd89e5d46844f0e4b2c13930) Importer(815301076,1909f56bfc062723c751e8b465ee728b)  -> (artifact id: '9ff407f2c8b7c91edc786a64a4c79c25') in 0.015035 seconds 
========================================================================
Received Import Request.
  Time since last request: 0.000028 seconds.
  path: Assets/Shared Assets/Prefabs/Walls/Wall05-00m.prefab
  artifactKey: Guid(4e930b2b089a1c24a94e6c7e2443089f) Importer(815301076,1909f56bfc062723c751e8b465ee728b)
Start importing Assets/Shared Assets/Prefabs/Walls/Wall05-00m.prefab using Guid(4e930b2b089a1c24a94e6c7e2443089f) Importer(815301076,1909f56bfc062723c751e8b465ee728b)  -> (artifact id: '6e4bb844b40dca9af7e365c30e43eca4') in 0.016883 seconds 
========================================================================
Received Import Request.
  Time since last request: 0.000025 seconds.
  path: Assets/Shared Assets/Prefabs/Walls/Wall02-00m.prefab
  artifactKey: Guid(8727bc1b3e84e814cb3e7ee749ad2296) Importer(815301076,1909f56bfc062723c751e8b465ee728b)
Start importing Assets/Shared Assets/Prefabs/Walls/Wall02-00m.prefab using Guid(8727bc1b3e84e814cb3e7ee749ad2296) Importer(815301076,1909f56bfc062723c751e8b465ee728b)  -> (artifact id: '00274cce4103d63e44526774cf3bb233') in 0.011026 seconds 
========================================================================
Received Import Request.
  Time since last request: 3.003599 seconds.
  path: Assets/Shared Assets/Profiles/LetsTryProfile.asset
  artifactKey: Guid(c16eef0d764d6274aa4fc8d141ca9503) Importer(815301076,1909f56bfc062723c751e8b465ee728b)
Start importing Assets/Shared Assets/Profiles/LetsTryProfile.asset using Guid(c16eef0d764d6274aa4fc8d141ca9503) Importer(815301076,1909f56bfc062723c751e8b465ee728b)  -> (artifact id: 'a53f6477a3f668be245d144a40f03a1c') in 0.007774 seconds 
========================================================================
Received Import Request.
  Time since last request: 17.944112 seconds.
  path: Assets/Shared Assets/Models/Shooter
  artifactKey: Guid(056643db1170ce841bb24a24a0136980) Importer(815301076,1909f56bfc062723c751e8b465ee728b)
Start importing Assets/Shared Assets/Models/Shooter using Guid(056643db1170ce841bb24a24a0136980) Importer(815301076,1909f56bfc062723c751e8b465ee728b)  -> (artifact id: '59ffb7d9f22646330b1a166bcd0b55d1') in 0.002319 seconds 
========================================================================
Received Import Request.
  Time since last request: 2.861962 seconds.
  path: Assets/Shared Assets/Models/Walls/Wall00-25m.fbx
  artifactKey: Guid(ec66018ba375a6045855c4a49f8ffb80) Importer(815301076,1909f56bfc062723c751e8b465ee728b)
Start importing Assets/Shared Assets/Models/Walls/Wall00-25m.fbx using Guid(ec66018ba375a6045855c4a49f8ffb80) Importer(815301076,1909f56bfc062723c751e8b465ee728b)  -> (artifact id: '85d13874eaacffb6220d0ac76f505668') in 0.100972 seconds 
========================================================================
Received Import Request.
  Time since last request: 0.580966 seconds.
  path: Assets/Shared Assets/Models/Weapons/FPSGrenadeLauncher.prefab
  artifactKey: Guid(b9fd747461251b34aaf84ef73c380103) Importer(815301076,1909f56bfc062723c751e8b465ee728b)
Start importing Assets/Shared Assets/Models/Weapons/FPSGrenadeLauncher.prefab using Guid(b9fd747461251b34aaf84ef73c380103) Importer(815301076,1909f56bfc062723c751e8b465ee728b)  -> (artifact id: '5ca0ea87b1b6d35bcb1016fd9687fe31') in 0.004424 seconds 
========================================================================
Received Prepare
Registering precompiled user dll's ...
Registered in 0.006791 seconds.
Begin MonoManager ReloadAssembly
Symbol file LoadedFromMemory doesn't match image D:\TechFestDemo\TechFestDemo\Library\PackageCache\com.unity.visualscripting@1.7.8\Editor\VisualScripting.Core\Dependencies\YamlDotNet\Unity.VisualScripting.YamlDotNet.dll
Symbol file LoadedFromMemory doesn't match image D:\TechFestDemo\TechFestDemo\Library\PackageCache\com.unity.visualscripting@1.7.8\Editor\VisualScripting.Core\Dependencies\DotNetZip\Unity.VisualScripting.IonicZip.dll
Native extension for WindowsStandalone target not found
Refreshing native plugins compatible for Editor in 1.08 ms, found 3 plugins.
Preloading 0 native plugins for Editor in 0.00 ms.
Mono: successfully reloaded assembly
- Completed reload, in  1.112 seconds
Domain Reload Profiling:
	ReloadAssembly (1113ms)
		BeginReloadAssembly (150ms)
			ExecutionOrderSort (0ms)
			DisableScriptedObjects (6ms)
			BackupInstance (0ms)
			ReleaseScriptingObjects (0ms)
			CreateAndSetChildDomain (39ms)
		EndReloadAssembly (839ms)
			LoadAssemblies (100ms)
			RebuildTransferFunctionScriptingTraits (0ms)
			SetupTypeCache (293ms)
			ReleaseScriptCaches (2ms)
			RebuildScriptCaches (44ms)
			SetupLoadedEditorAssemblies (371ms)
				LogAssemblyErrors (0ms)
				InitializePlatformSupportModulesInManaged (25ms)
				SetLoadedEditorAssemblies (1ms)
				RefreshPlugins (1ms)
				BeforeProcessingInitializeOnLoad (84ms)
				ProcessInitializeOnLoadAttributes (213ms)
				ProcessInitializeOnLoadMethodAttributes (35ms)
				AfterProcessingInitializeOnLoad (12ms)
				EditorAssembliesLoaded (0ms)
			ExecutionOrderSort2 (0ms)
			AwakeInstancesAfterBackupRestoration (6ms)
Platform modules already initialized, skipping
Refreshing native plugins compatible for Editor in 2.47 ms, found 3 plugins.
Preloading 0 native plugins for Editor in 0.00 ms.
Unloading 3461 Unused Serialized files (Serialized files now loaded: 0)
Unloading 58 unused Assets / (80.3 KB). Loaded Objects now: 3944.
Memory consumption went from 124.2 MB to 124.2 MB.
Total: 4.653200 ms (FindLiveObjects: 0.300500 ms CreateObjectMapping: 0.130700 ms MarkObjects: 4.104400 ms  DeleteObjects: 0.116800 ms)

AssetImportParameters requested are different than current active one (requested -> active):
  custom:video-decoder-ogg-theora: a1e56fd34408186e4bbccfd4996cb3dc -> 
  custom:container-muxer-webm: aa71ff27fc2769a1b78a27578f13a17b -> 
  custom:container-demuxer-webm: 4f35f7cbe854078d1ac9338744f61a02 -> 
  custom:video-encoder-webm-vp8: eb34c28f22e8b96e1ab97ce403110664 -> 
  custom:audio-encoder-webm-vorbis: bf7c407c2cedff20999df2af8eb42d56 -> 
  custom:framework-win-MediaFoundation: 216162199b28c13a410421893ffa2e32 -> 
  custom:container-demuxer-ogg: 62fdf1f143b41e24485cea50d1cbac27 -> 
  custom:video-decoder-webm-vp8: 9c59270c3fd7afecdb556c50c9e8de78 -> 
  custom:audio-decoder-ogg-vorbis: bf7c407c2cedff20999df2af8eb42d56 -> 
========================================================================
Received Import Request.
  Time since last request: 540.731115 seconds.
  path: Assets
  artifactKey: Guid(00000000000000001000000000000000) Importer(815301076,1909f56bfc062723c751e8b465ee728b)
Start importing Assets using Guid(00000000000000001000000000000000) Importer(815301076,1909f56bfc062723c751e8b465ee728b)  -> (artifact id: '79842766b460edbeab6a34051e857a80') in 0.020193 seconds 
========================================================================
Received Import Request.
  Time since last request: 6.238195 seconds.
  path: Assets/Material
  artifactKey: Guid(c5571a580ee0d054796a8343b67a6ecc) Importer(815301076,1909f56bfc062723c751e8b465ee728b)
Start importing Assets/Material using Guid(c5571a580ee0d054796a8343b67a6ecc) Importer(815301076,1909f56bfc062723c751e8b465ee728b)  -> (artifact id: 'fecb14c338382d5d441438adc6ddb106') in 0.004221 seconds 
========================================================================
Received Import Request.
  Time since last request: 1.275339 seconds.
  path: Assets/Material 1
  artifactKey: Guid(d74e624b027151f48bc4fa5b1fdb0f12) Importer(815301076,1909f56bfc062723c751e8b465ee728b)
Start importing Assets/Material 1 using Guid(d74e624b027151f48bc4fa5b1fdb0f12) Importer(815301076,1909f56bfc062723c751e8b465ee728b)  -> (artifact id: '4311a95c0314a30ccd199ad5bebdca50') in 0.003653 seconds 
========================================================================
Received Import Request.
  Time since last request: 4.310378 seconds.
  path: Assets/Texture
  artifactKey: Guid(d74e624b027151f48bc4fa5b1fdb0f12) Importer(815301076,1909f56bfc062723c751e8b465ee728b)
Start importing Assets/Texture using Guid(d74e624b027151f48bc4fa5b1fdb0f12) Importer(815301076,1909f56bfc062723c751e8b465ee728b)  -> (artifact id: '2abc8528c2c03cc997a6b89b1c668026') in 0.003227 seconds 
========================================================================
Received Import Request.
  Time since last request: 11.331017 seconds.
  path: Assets/Material/Floor.mat
  artifactKey: Guid(e4ac786d78037b041aa22f2a7158b0fa) Importer(815301076,1909f56bfc062723c751e8b465ee728b)
Start importing Assets/Material/Floor.mat using Guid(e4ac786d78037b041aa22f2a7158b0fa) Importer(815301076,1909f56bfc062723c751e8b465ee728b)  -> (artifact id: '18d48f10d9b4c46898ec46d6b5a1f582') in 0.146296 seconds 
========================================================================
Received Import Request.
  Time since last request: 117.765046 seconds.
  path: Assets/Material/Cube.mat
  artifactKey: Guid(efe97a86bfe7b6f45adecfcb720b46fb) Importer(815301076,1909f56bfc062723c751e8b465ee728b)
Start importing Assets/Material/Cube.mat using Guid(efe97a86bfe7b6f45adecfcb720b46fb) Importer(815301076,1909f56bfc062723c751e8b465ee728b)  -> (artifact id: '7f955c035bc4fd6ab631da247729275d') in 0.013732 seconds 
========================================================================
Received Prepare
Registering precompiled user dll's ...
Registered in 0.011477 seconds.
Begin MonoManager ReloadAssembly
Symbol file LoadedFromMemory doesn't match image D:\TechFestDemo\TechFestDemo\Library\PackageCache\com.unity.visualscripting@1.7.8\Editor\VisualScripting.Core\Dependencies\YamlDotNet\Unity.VisualScripting.YamlDotNet.dll
Symbol file LoadedFromMemory doesn't match image D:\TechFestDemo\TechFestDemo\Library\PackageCache\com.unity.visualscripting@1.7.8\Editor\VisualScripting.Core\Dependencies\DotNetZip\Unity.VisualScripting.IonicZip.dll
Native extension for WindowsStandalone target not found
Refreshing native plugins compatible for Editor in 0.66 ms, found 3 plugins.
Preloading 0 native plugins for Editor in 0.00 ms.
Mono: successfully reloaded assembly
- Completed reload, in  1.148 seconds
Domain Reload Profiling:
	ReloadAssembly (1148ms)
		BeginReloadAssembly (164ms)
			ExecutionOrderSort (0ms)
			DisableScriptedObjects (5ms)
			BackupInstance (0ms)
			ReleaseScriptingObjects (0ms)
			CreateAndSetChildDomain (49ms)
		EndReloadAssembly (881ms)
			LoadAssemblies (105ms)
			RebuildTransferFunctionScriptingTraits (0ms)
			SetupTypeCache (314ms)
			ReleaseScriptCaches (2ms)
			RebuildScriptCaches (52ms)
			SetupLoadedEditorAssemblies (378ms)
				LogAssemblyErrors (0ms)
				InitializePlatformSupportModulesInManaged (22ms)
				SetLoadedEditorAssemblies (1ms)
				RefreshPlugins (1ms)
				BeforeProcessingInitializeOnLoad (75ms)
				ProcessInitializeOnLoadAttributes (231ms)
				ProcessInitializeOnLoadMethodAttributes (36ms)
				AfterProcessingInitializeOnLoad (13ms)
				EditorAssembliesLoaded (0ms)
			ExecutionOrderSort2 (0ms)
			AwakeInstancesAfterBackupRestoration (7ms)
Platform modules already initialized, skipping
Refreshing native plugins compatible for Editor in 2.69 ms, found 3 plugins.
Preloading 0 native plugins for Editor in 0.00 ms.
Unloading 3461 Unused Serialized files (Serialized files now loaded: 0)
Unloading 20 unused Assets / (80.2 KB). Loaded Objects now: 3980.
Memory consumption went from 124.3 MB to 124.2 MB.
Total: 3.339500 ms (FindLiveObjects: 0.393700 ms CreateObjectMapping: 0.306900 ms MarkObjects: 2.541300 ms  DeleteObjects: 0.096400 ms)

AssetImportParameters requested are different than current active one (requested -> active):
  custom:video-decoder-ogg-theora: a1e56fd34408186e4bbccfd4996cb3dc -> 
  custom:container-muxer-webm: aa71ff27fc2769a1b78a27578f13a17b -> 
  custom:container-demuxer-webm: 4f35f7cbe854078d1ac9338744f61a02 -> 
  custom:video-encoder-webm-vp8: eb34c28f22e8b96e1ab97ce403110664 -> 
  custom:audio-encoder-webm-vorbis: bf7c407c2cedff20999df2af8eb42d56 -> 
  custom:framework-win-MediaFoundation: 216162199b28c13a410421893ffa2e32 -> 
  custom:container-demuxer-ogg: 62fdf1f143b41e24485cea50d1cbac27 -> 
  custom:video-decoder-webm-vp8: 9c59270c3fd7afecdb556c50c9e8de78 -> 
  custom:audio-decoder-ogg-vorbis: bf7c407c2cedff20999df2af8eb42d56 -> 
========================================================================
Received Prepare
Registering precompiled user dll's ...
Registered in 0.004932 seconds.
Begin MonoManager ReloadAssembly
Symbol file LoadedFromMemory doesn't match image D:\TechFestDemo\TechFestDemo\Library\PackageCache\com.unity.visualscripting@1.7.8\Editor\VisualScripting.Core\Dependencies\YamlDotNet\Unity.VisualScripting.YamlDotNet.dll
Symbol file LoadedFromMemory doesn't match image D:\TechFestDemo\TechFestDemo\Library\PackageCache\com.unity.visualscripting@1.7.8\Editor\VisualScripting.Core\Dependencies\DotNetZip\Unity.VisualScripting.IonicZip.dll
Native extension for WindowsStandalone target not found
Refreshing native plugins compatible for Editor in 0.65 ms, found 3 plugins.
Preloading 0 native plugins for Editor in 0.00 ms.
Mono: successfully reloaded assembly
- Completed reload, in  1.194 seconds
Domain Reload Profiling:
	ReloadAssembly (1195ms)
		BeginReloadAssembly (181ms)
			ExecutionOrderSort (0ms)
			DisableScriptedObjects (11ms)
			BackupInstance (0ms)
			ReleaseScriptingObjects (0ms)
			CreateAndSetChildDomain (48ms)
		EndReloadAssembly (889ms)
			LoadAssemblies (97ms)
			RebuildTransferFunctionScriptingTraits (0ms)
			SetupTypeCache (322ms)
			ReleaseScriptCaches (2ms)
			RebuildScriptCaches (54ms)
			SetupLoadedEditorAssemblies (376ms)
				LogAssemblyErrors (0ms)
				InitializePlatformSupportModulesInManaged (15ms)
				SetLoadedEditorAssemblies (0ms)
				RefreshPlugins (1ms)
				BeforeProcessingInitializeOnLoad (83ms)
				ProcessInitializeOnLoadAttributes (222ms)
				ProcessInitializeOnLoadMethodAttributes (37ms)
				AfterProcessingInitializeOnLoad (17ms)
				EditorAssembliesLoaded (0ms)
			ExecutionOrderSort2 (0ms)
			AwakeInstancesAfterBackupRestoration (6ms)
Platform modules already initialized, skipping
Refreshing native plugins compatible for Editor in 2.56 ms, found 3 plugins.
Preloading 0 native plugins for Editor in 0.00 ms.
Unloading 3461 Unused Serialized files (Serialized files now loaded: 0)
Unloading 20 unused Assets / (80.2 KB). Loaded Objects now: 3983.
Memory consumption went from 124.3 MB to 124.2 MB.
Total: 3.066700 ms (FindLiveObjects: 0.308600 ms CreateObjectMapping: 0.133900 ms MarkObjects: 2.522300 ms  DeleteObjects: 0.101000 ms)

AssetImportParameters requested are different than current active one (requested -> active):
  custom:video-decoder-ogg-theora: a1e56fd34408186e4bbccfd4996cb3dc -> 
  custom:container-muxer-webm: aa71ff27fc2769a1b78a27578f13a17b -> 
  custom:container-demuxer-webm: 4f35f7cbe854078d1ac9338744f61a02 -> 
  custom:video-encoder-webm-vp8: eb34c28f22e8b96e1ab97ce403110664 -> 
  custom:audio-encoder-webm-vorbis: bf7c407c2cedff20999df2af8eb42d56 -> 
  custom:framework-win-MediaFoundation: 216162199b28c13a410421893ffa2e32 -> 
  custom:container-demuxer-ogg: 62fdf1f143b41e24485cea50d1cbac27 -> 
  custom:video-decoder-webm-vp8: 9c59270c3fd7afecdb556c50c9e8de78 -> 
  custom:audio-decoder-ogg-vorbis: bf7c407c2cedff20999df2af8eb42d56 -> 
========================================================================
Received Import Request.
  Time since last request: 1991.182522 seconds.
  path: Assets/Material/Cube.mat
  artifactKey: Guid(efe97a86bfe7b6f45adecfcb720b46fb) Importer(815301076,1909f56bfc062723c751e8b465ee728b)
Start importing Assets/Material/Cube.mat using Guid(efe97a86bfe7b6f45adecfcb720b46fb) Importer(815301076,1909f56bfc062723c751e8b465ee728b)  -> (artifact id: 'a95b96db2653f63d0b8ab15f1753f1ba') in 0.100217 seconds 
========================================================================
Received Import Request.
  Time since last request: 234.124127 seconds.
  path: Assets/Material/Cube.mat
  artifactKey: Guid(efe97a86bfe7b6f45adecfcb720b46fb) Importer(815301076,1909f56bfc062723c751e8b465ee728b)
Start importing Assets/Material/Cube.mat using Guid(efe97a86bfe7b6f45adecfcb720b46fb) Importer(815301076,1909f56bfc062723c751e8b465ee728b)  -> (artifact id: 'f2262f4d9a793eba3e8994ccac822a50') in 0.015946 seconds 
========================================================================
Received Import Request.
  Time since last request: 100.890329 seconds.
  path: Assets/Material/Cube.mat
  artifactKey: Guid(efe97a86bfe7b6f45adecfcb720b46fb) Importer(815301076,1909f56bfc062723c751e8b465ee728b)
Start importing Assets/Material/Cube.mat using Guid(efe97a86bfe7b6f45adecfcb720b46fb) Importer(815301076,1909f56bfc062723c751e8b465ee728b)  -> (artifact id: '519a4e23ae97c0ece36302cd5ce2b25c') in 0.008682 seconds 
========================================================================
Received Import Request.
  Time since last request: 630.295379 seconds.
  path: Packages/com.unity.visualscripting/Runtime/VisualScripting.Core/Variables/SceneVariables.cs
  artifactKey: Guid(765181c9ef4b24d32a4f7cbd2ef370dc) Importer(815301076,1909f56bfc062723c751e8b465ee728b)
Start importing Packages/com.unity.visualscripting/Runtime/VisualScripting.Core/Variables/SceneVariables.cs using Guid(765181c9ef4b24d32a4f7cbd2ef370dc) Importer(815301076,1909f56bfc062723c751e8b465ee728b)  -> (artifact id: 'e25f2e2d8dbaaf04b08fe2bde384c91d') in 0.014414 seconds 
========================================================================
Received Import Request.
  Time since last request: 807.830997 seconds.
  path: Assets/test.uss
  artifactKey: Guid(f07b2f72840946b4bbb7061a0b278116) Importer(815301076,1909f56bfc062723c751e8b465ee728b)
Start importing Assets/test.uss using Guid(f07b2f72840946b4bbb7061a0b278116) Importer(815301076,1909f56bfc062723c751e8b465ee728b)  -> (artifact id: '88ac9e97bfc8b1907c2d3339b32e2102') in 0.013948 seconds 
========================================================================
Received Import Request.
  Time since last request: 2796.101826 seconds.
  path: Assets/UI Toolkit
  artifactKey: Guid(9a6e18482aaae7b488971d624eab9e40) Importer(815301076,1909f56bfc062723c751e8b465ee728b)
Start importing Assets/UI Toolkit using Guid(9a6e18482aaae7b488971d624eab9e40) Importer(815301076,1909f56bfc062723c751e8b465ee728b)  -> (artifact id: '4a42c0c4dd42ff9b8ab77e9d4a27dec4') in 0.001865 seconds 
========================================================================
Received Import Request.
  Time since last request: 16.953793 seconds.
  path: Assets/Material/Cube.mat
  artifactKey: Guid(efe97a86bfe7b6f45adecfcb720b46fb) Importer(815301076,1909f56bfc062723c751e8b465ee728b)
Start importing Assets/Material/Cube.mat using Guid(efe97a86bfe7b6f45adecfcb720b46fb) Importer(815301076,1909f56bfc062723c751e8b465ee728b)  -> (artifact id: 'acf3b27dd92fbd1f4ebd2310035a2ae2') in 0.013037 seconds 
========================================================================
Received Import Request.
  Time since last request: 1.244085 seconds.
  path: Assets/Material/New Lighting Settings.lighting
  artifactKey: Guid(540ad4631c086b4489cfc333bdff6b64) Importer(815301076,1909f56bfc062723c751e8b465ee728b)
Start importing Assets/Material/New Lighting Settings.lighting using Guid(540ad4631c086b4489cfc333bdff6b64) Importer(815301076,1909f56bfc062723c751e8b465ee728b)  -> (artifact id: '4d7b8558d8a7b5c137bf69a53830f09f') in 0.004267 seconds 
========================================================================
Received Import Request.
  Time since last request: 27.552425 seconds.
  path: Assets/Material/Cube.mat
  artifactKey: Guid(efe97a86bfe7b6f45adecfcb720b46fb) Importer(815301076,1909f56bfc062723c751e8b465ee728b)
Start importing Assets/Material/Cube.mat using Guid(efe97a86bfe7b6f45adecfcb720b46fb) Importer(815301076,1909f56bfc062723c751e8b465ee728b)  -> (artifact id: '29e39f8e5c2b1cb6b6e09cadfb8fd8cc') in 0.014906 seconds 
========================================================================
Received Import Request.
  Time since last request: 173.175957 seconds.
  path: Assets/Scenes/SampleScene
  artifactKey: Guid(d56adf8e55b9a5a41b92c878ed6acb37) Importer(815301076,1909f56bfc062723c751e8b465ee728b)
Start importing Assets/Scenes/SampleScene using Guid(d56adf8e55b9a5a41b92c878ed6acb37) Importer(815301076,1909f56bfc062723c751e8b465ee728b)  -> (artifact id: '42ef79d817becf6f626579cc27547517') in 0.020248 seconds 
========================================================================
Received Import Request.
  Time since last request: 0.073473 seconds.
  path: Assets/Scenes/SampleScene/Lightmap-0_comp_light.exr
  artifactKey: Guid(d7a7c0be4bc61954eb6ef28cbcfae502) Importer(815301076,1909f56bfc062723c751e8b465ee728b)
Start importing Assets/Scenes/SampleScene/Lightmap-0_comp_light.exr using Guid(d7a7c0be4bc61954eb6ef28cbcfae502) Importer(815301076,1909f56bfc062723c751e8b465ee728b)  -> (artifact id: '1e450fa1434df3ee218164702a4db85a') in 0.056295 seconds 
========================================================================
Received Import Request.
  Time since last request: 0.000025 seconds.
  path: Assets/Scenes/SampleScene/ReflectionProbe-0.exr
  artifactKey: Guid(666e3fec0bfb82342b2969e0e0ce6a36) Importer(815301076,1909f56bfc062723c751e8b465ee728b)
Start importing Assets/Scenes/SampleScene/ReflectionProbe-0.exr using Guid(666e3fec0bfb82342b2969e0e0ce6a36) Importer(815301076,1909f56bfc062723c751e8b465ee728b)  -> (artifact id: '5b4ab5cc8674312cec9191409d060df0') in 0.025755 seconds 
========================================================================
Received Import Request.
  Time since last request: 10.371561 seconds.
  path: Assets/Scenes/SampleScene/LightingData.asset
  artifactKey: Guid(4e6cb598413aae14b9dc61e82d67d4be) Importer(815301076,1909f56bfc062723c751e8b465ee728b)
Start importing Assets/Scenes/SampleScene/LightingData.asset using Guid(4e6cb598413aae14b9dc61e82d67d4be) Importer(815301076,1909f56bfc062723c751e8b465ee728b)  -> (artifact id: '12ba0d11bd91b021cd0c7a62af815332') in 0.006692 seconds 
Editor requested this worker to shutdown with reason: Scaling down because of idle timeout
AssetImportWorker is now disconnected from the server
Process exiting
Exiting without the bug reporter. Application will terminate with return code 0